Generated at 2018-04-12 02:10:54 -0700
Chef::Exceptions::CookbookNotFound: template[/etc/motd] (@recipe_files::/home/vagrant/chef-repo/cookbooks/motd-attributes/recipes/default.rb line 17) had an error: Chef::Exceptions::CookbookNotFound: Cookbook @recipe_files not found. If you're loading @recipe_files from another cookbook, make sure you configure the dependency in your metadata
/opt/chefdk/embedded/lib/ruby/gems/2.4.0/gems/chef-13.8.5/lib/chef/cookbook/cookbook_collection.rb:39:in `block in initialize'
/opt/chefdk/embedded/lib/ruby/gems/2.4.0/gems/ohai-13.8.0/lib/ohai/mash.rb:77:in `default'
/opt/chefdk/embedded/lib/ruby/gems/2.4.0/gems/ohai-13.8.0/lib/ohai/mash.rb:77:in `default'
/opt/chefdk/embedded/lib/ruby/gems/2.4.0/gems/chef-13.8.5/lib/chef/provider/template_finder.rb:38:in `[]'
/opt/chefdk/embedded/lib/ruby/gems/2.4.0/gems/chef-13.8.5/lib/chef/provider/template_finder.rb:38:in `find'
/opt/chefdk/embedded/lib/ruby/gems/2.4.0/gems/chef-13.8.5/lib/chef/provider/template/content.rb:32:in `template_location'
/opt/chefdk/embedded/lib/ruby/gems/2.4.0/gems/chef-13.8.5/lib/chef/provider/template.rb:43:in `block in define_resource_requirements'
/opt/chefdk/embedded/lib/ruby/gems/2.4.0/gems/chef-13.8.5/lib/chef/mixin/why_run.rb:314:in `assert'
/opt/chefdk/embedded/lib/ruby/gems/2.4.0/gems/chef-13.8.5/lib/chef/provider/template.rb:41:in `define_resource_requirements'
/opt/chefdk/embedded/lib/ruby/gems/2.4.0/gems/chef-13.8.5/lib/chef/provider.rb:158:in `run_action'
/opt/chefdk/embedded/lib/ruby/gems/2.4.0/gems/chef-13.8.5/lib/chef/resource.rb:591:in `run_action'
/opt/chefdk/embedded/lib/ruby/gems/2.4.0/gems/chef-13.8.5/lib/chef/runner.rb:70:in `run_action'
/opt/chefdk/embedded/lib/ruby/gems/2.4.0/gems/chef-13.8.5/lib/chef/runner.rb:98:in `block (2 levels) in converge'
/opt/chefdk/embedded/lib/ruby/gems/2.4.0/gems/chef-13.8.5/lib/chef/runner.rb:98:in `each'
/opt/chefdk/embedded/lib/ruby/gems/2.4.0/gems/chef-13.8.5/lib/chef/runner.rb:98:in `block in converge'
/opt/chefdk/embedded/lib/ruby/gems/2.4.0/gems/chef-13.8.5/lib/chef/resource_collection/resource_list.rb:94:in `block in execute_each_resource'
/opt/chefdk/embedded/lib/ruby/gems/2.4.0/gems/chef-13.8.5/lib/chef/resource_collection/stepable_iterator.rb:114:in `call_iterator_block'
/opt/chefdk/embedded/lib/ruby/gems/2.4.0/gems/chef-13.8.5/lib/chef/resource_collection/stepable_iterator.rb:85:in `step'
/opt/chefdk/embedded/lib/ruby/gems/2.4.0/gems/chef-13.8.5/lib/chef/resource_collection/stepable_iterator.rb:103:in `iterate'
/opt/chefdk/embedded/lib/ruby/gems/2.4.0/gems/chef-13.8.5/lib/chef/resource_collection/stepable_iterator.rb:55:in `each_with_index'
/opt/chefdk/embedded/lib/ruby/gems/2.4.0/gems/chef-13.8.5/lib/chef/resource_collection/resource_list.rb:92:in `execute_each_resource'
/opt/chefdk/embedded/lib/ruby/gems/2.4.0/gems/chef-13.8.5/lib/chef/runner.rb:97:in `converge'
/opt/chefdk/embedded/lib/ruby/gems/2.4.0/gems/chef-13.8.5/lib/chef/client.rb:718:in `block in converge'
/opt/chefdk/embedded/lib/ruby/gems/2.4.0/gems/chef-13.8.5/lib/chef/client.rb:713:in `catch'
/opt/chefdk/embedded/lib/ruby/gems/2.4.0/gems/chef-13.8.5/lib/chef/client.rb:713:in `converge'
/opt/chefdk/embedded/lib/ruby/gems/2.4.0/gems/chef-13.8.5/lib/chef/client.rb:752:in `converge_and_save'
/opt/chefdk/embedded/lib/ruby/gems/2.4.0/gems/chef-13.8.5/lib/chef/client.rb:286:in `run'
/opt/chefdk/embedded/lib/ruby/gems/2.4.0/gems/chef-13.8.5/lib/chef/application.rb:292:in `block in fork_chef_client'
/opt/chefdk/embedded/lib/ruby/gems/2.4.0/gems/chef-13.8.5/lib/chef/application.rb:280:in `fork'
/opt/chefdk/embedded/lib/ruby/gems/2.4.0/gems/chef-13.8.5/lib/chef/application.rb:280:in `fork_chef_client'
/opt/chefdk/embedded/lib/ruby/gems/2.4.0/gems/chef-13.8.5/lib/chef/application.rb:245:in `block in run_chef_client'
/opt/chefdk/embedded/lib/ruby/gems/2.4.0/gems/chef-13.8.5/lib/chef/local_mode.rb:44:in `with_server_connectivity'
/opt/chefdk/embedded/lib/ruby/gems/2.4.0/gems/chef-13.8.5/lib/chef/application.rb:233:in `run_chef_client'
/opt/chefdk/embedded/lib/ruby/gems/2.4.0/gems/chef-13.8.5/lib/chef/application/client.rb:469:in `sleep_then_run_chef_client'
/opt/chefdk/embedded/lib/ruby/gems/2.4.0/gems/chef-13.8.5/lib/chef/application/client.rb:458:in `block in interval_run_chef_client'
/opt/chefdk/embedded/lib/ruby/gems/2.4.0/gems/chef-13.8.5/lib/chef/application/client.rb:457:in `loop'
/opt/chefdk/embedded/lib/ruby/gems/2.4.0/gems/chef-13.8.5/lib/chef/application/client.rb:457:in `interval_run_chef_client'
/opt/chefdk/embedded/lib/ruby/gems/2.4.0/gems/chef-13.8.5/lib/chef/application/client.rb:441:in `run_application'
/opt/chefdk/embedded/lib/ruby/gems/2.4.0/gems/chef-13.8.5/lib/chef/application.rb:59:in `run'
/opt/chefdk/embedded/lib/ruby/gems/2.4.0/gems/chef-13.8.5/bin/chef-client:26:in `<top (required)>'
/bin/chef-client:250:in `load'
/bin/chef-client:250:in `<main>'

>>>> Caused by Chef::Exceptions::CookbookNotFound: Cookbook @recipe_files not found. If you're loading @recipe_files from another cookbook, make sure you configure the dependency in your metadata
/opt/chefdk/embedded/lib/ruby/gems/2.4.0/gems/chef-13.8.5/lib/chef/cookbook/cookbook_collection.rb:39:in `block in initialize'
/opt/chefdk/embedded/lib/ruby/gems/2.4.0/gems/ohai-13.8.0/lib/ohai/mash.rb:77:in `default'
/opt/chefdk/embedded/lib/ruby/gems/2.4.0/gems/ohai-13.8.0/lib/ohai/mash.rb:77:in `default'
/opt/chefdk/embedded/lib/ruby/gems/2.4.0/gems/chef-13.8.5/lib/chef/provider/template_finder.rb:38:in `[]'
/opt/chefdk/embedded/lib/ruby/gems/2.4.0/gems/chef-13.8.5/lib/chef/provider/template_finder.rb:38:in `find'
/opt/chefdk/embedded/lib/ruby/gems/2.4.0/gems/chef-13.8.5/lib/chef/provider/template/content.rb:32:in `template_location'
/opt/chefdk/embedded/lib/ruby/gems/2.4.0/gems/chef-13.8.5/lib/chef/provider/template.rb:43:in `block in define_resource_requirements'
/opt/chefdk/embedded/lib/ruby/gems/2.4.0/gems/chef-13.8.5/lib/chef/mixin/why_run.rb:314:in `assert'
/opt/chefdk/embedded/lib/ruby/gems/2.4.0/gems/chef-13.8.5/lib/chef/provider/template.rb:41:in `define_resource_requirements'
/opt/chefdk/embedded/lib/ruby/gems/2.4.0/gems/chef-13.8.5/lib/chef/provider.rb:158:in `run_action'
/opt/chefdk/embedded/lib/ruby/gems/2.4.0/gems/chef-13.8.5/lib/chef/resource.rb:591:in `run_action'
/opt/chefdk/embedded/lib/ruby/gems/2.4.0/gems/chef-13.8.5/lib/chef/runner.rb:70:in `run_action'
/opt/chefdk/embedded/lib/ruby/gems/2.4.0/gems/chef-13.8.5/lib/chef/runner.rb:98:in `block (2 levels) in converge'
/opt/chefdk/embedded/lib/ruby/gems/2.4.0/gems/chef-13.8.5/lib/chef/runner.rb:98:in `each'
/opt/chefdk/embedded/lib/ruby/gems/2.4.0/gems/chef-13.8.5/lib/chef/runner.rb:98:in `block in converge'
/opt/chefdk/embedded/lib/ruby/gems/2.4.0/gems/chef-13.8.5/lib/chef/resource_collection/resource_list.rb:94:in `block in execute_each_resource'
/opt/chefdk/embedded/lib/ruby/gems/2.4.0/gems/chef-13.8.5/lib/chef/resource_collection/stepable_iterator.rb:114:in `call_iterator_block'
/opt/chefdk/embedded/lib/ruby/gems/2.4.0/gems/chef-13.8.5/lib/chef/resource_collection/stepable_iterator.rb:85:in `step'
/opt/chefdk/embedded/lib/ruby/gems/2.4.0/gems/chef-13.8.5/lib/chef/resource_collection/stepable_iterator.rb:103:in `iterate'
/opt/chefdk/embedded/lib/ruby/gems/2.4.0/gems/chef-13.8.5/lib/chef/resource_collection/stepable_iterator.rb:55:in `each_with_index'
/opt/chefdk/embedded/lib/ruby/gems/2.4.0/gems/chef-13.8.5/lib/chef/resource_collection/resource_list.rb:92:in `execute_each_resource'
/opt/chefdk/embedded/lib/ruby/gems/2.4.0/gems/chef-13.8.5/lib/chef/runner.rb:97:in `converge'
/opt/chefdk/embedded/lib/ruby/gems/2.4.0/gems/chef-13.8.5/lib/chef/client.rb:718:in `block in converge'
/opt/chefdk/embedded/lib/ruby/gems/2.4.0/gems/chef-13.8.5/lib/chef/client.rb:713:in `catch'
/opt/chefdk/embedded/lib/ruby/gems/2.4.0/gems/chef-13.8.5/lib/chef/client.rb:713:in `converge'
/opt/chefdk/embedded/lib/ruby/gems/2.4.0/gems/chef-13.8.5/lib/chef/client.rb:752:in `converge_and_save'
/opt/chefdk/embedded/lib/ruby/gems/2.4.0/gems/chef-13.8.5/lib/chef/client.rb:286:in `run'
/opt/chefdk/embedded/lib/ruby/gems/2.4.0/gems/chef-13.8.5/lib/chef/application.rb:292:in `block in fork_chef_client'
/opt/chefdk/embedded/lib/ruby/gems/2.4.0/gems/chef-13.8.5/lib/chef/application.rb:280:in `fork'
/opt/chefdk/embedded/lib/ruby/gems/2.4.0/gems/chef-13.8.5/lib/chef/application.rb:280:in `fork_chef_client'
/opt/chefdk/embedded/lib/ruby/gems/2.4.0/gems/chef-13.8.5/lib/chef/application.rb:245:in `block in run_chef_client'
/opt/chefdk/embedded/lib/ruby/gems/2.4.0/gems/chef-13.8.5/lib/chef/local_mode.rb:44:in `with_server_connectivity'
/opt/chefdk/embedded/lib/ruby/gems/2.4.0/gems/chef-13.8.5/lib/chef/application.rb:233:in `run_chef_client'
/opt/chefdk/embedded/lib/ruby/gems/2.4.0/gems/chef-13.8.5/lib/chef/application/client.rb:469:in `sleep_then_run_chef_client'
/opt/chefdk/embedded/lib/ruby/gems/2.4.0/gems/chef-13.8.5/lib/chef/application/client.rb:458:in `block in interval_run_chef_client'
/opt/chefdk/embedded/lib/ruby/gems/2.4.0/gems/chef-13.8.5/lib/chef/application/client.rb:457:in `loop'
/opt/chefdk/embedded/lib/ruby/gems/2.4.0/gems/chef-13.8.5/lib/chef/application/client.rb:457:in `interval_run_chef_client'
/opt/chefdk/embedded/lib/ruby/gems/2.4.0/gems/chef-13.8.5/lib/chef/application/client.rb:441:in `run_application'
/opt/chefdk/embedded/lib/ruby/gems/2.4.0/gems/chef-13.8.5/lib/chef/application.rb:59:in `run'
/opt/chefdk/embedded/lib/ruby/gems/2.4.0/gems/chef-13.8.5/bin/chef-client:26:in `<top (required)>'
/bin/chef-client:250:in `load'
/bin/chef-client:250:in `<main>'